<?xml version="1.0" encoding="UTF-8"?>
<!-- Generated by org.testng.reporters.JUnitXMLReporter -->
<testsuite ignored="0" hostname="DESKTOP-BB34OQ0" failures="0" tests="1" name="TestEdge" time="0.382" errors="0" timestamp="2023-01-27T22:26:48 IST">
  <testcase classname="IPT_FrameworkTaskProgram.TestNGAnnotationsCrossBrowserTest" name="@BeforeClass login" time="0.295">
    <failure type="java.lang.NoClassDefFoundError" message="org/brotli/dec/BrotliInputStream">
      <![CDATA[java.lang.NoClassDefFoundError: org/brotli/dec/BrotliInputStream
at io.github.bonigarcia.wdm.online.HttpClient.<init>(HttpClient.java:123)
at io.github.bonigarcia.wdm.WebDriverManager.setup(WebDriverManager.java:405)
at Base_ClassProgram.BaseClass.launchBrowserMethod(BaseClass.java:59)
at IPT_FrameworkTaskProgram.TestNGAnnotationsCrossBrowserTest.login(TestNGAnnotationsCrossBrowserTest.java:19)
at java.base/java.util.ArrayList.forEach(ArrayList.java:1541)
Caused by: java.lang.ClassNotFoundException: org.brotli.dec.BrotliInputStream
at java.base/jdk.internal.loader.BuiltinClassLoader.loadClass(BuiltinClassLoader.java:581)
at java.base/jdk.internal.loader.ClassLoaders$AppClassLoader.loadClass(ClassLoaders.java:178)
at java.base/java.lang.ClassLoader.loadClass(ClassLoader.java:521)
... 30 more
... Removed 25 stack frames]]>
    </failure>
  </testcase> <!-- @BeforeClass login -->
  <testcase classname="IPT_FrameworkTaskProgram.TestNGAnnotationsCrossBrowserTest" name="@AfterClass logoff" time="-1.674838608209E9">
    <skipped/>
  </testcase> <!-- @AfterClass logoff -->
  <testcase classname="IPT_FrameworkTaskProgram.TestNGAnnotationsCrossBrowserTest" name="loginMethod1" time="0.0">
    <skipped/>
  </testcase> <!-- loginMethod1 -->
</testsuite> <!-- TestEdge -->
