<?xml version="1.0" encoding="UTF-8"?>
<!-- Generated by org.testng.reporters.JUnitXMLReporter -->
<testsuite ignored="1" hostname="DESKTOP-BB34OQ0" failures="0" tests="2" name="Test" time="32.518" errors="0" timestamp="2023-01-27T14:07:37 IST">
  <testcase classname="IPT_FrameworkTaskProgram.TestNGAnnotationsGrouping" name="login" time="2.373"/>
  <testcase classname="IPT_FrameworkTaskProgram.TestNGAnnotationsGrouping" name="intialProcessMethod1" time="30.077"/>
  <testcase classname="IPT_FrameworkTaskProgram.TestNGAnnotationsGrouping" name="logoff" time="0.0">
    <ignored/>
  </testcase> <!-- logoff -->
</testsuite> <!-- Test -->
